<?xml version="1.0" encoding="UTF-8"?>
<testng-results skipped="0" failed="0" ignored="0" total="5" passed="5">
  <reporter-output>
  </reporter-output>
  <suite name="Default suite" duration-ms="13968" started-at="2020-07-29T16:50:15Z" finished-at="2020-07-29T16:50:29Z">
    <groups>
    </groups>
    <test name="Default test" duration-ms="13968" started-at="2020-07-29T16:50:15Z" finished-at="2020-07-29T16:50:29Z">
      <class name="com.datadriven.Datadriven_Pojo">
        <test-method status="PASS" signature="postmethod(java.lang.String, java.lang.String)[pri:0, instance:com.datadriven.Datadriven_Pojo@475530b9]" name="postmethod" duration-ms="6635" started-at="2020-07-29T16:50:16Z" data-provider="Dataforput" finished-at="2020-07-29T16:50:22Z">
          <params>
            <param index="0">
              <value>
                <![CDATA[306]]>
              </value>
            </param>
            <param index="1">
              <value>
                <![CDATA[author]]>
              </value>
            </param>
          </params>
          <reporter-output>
          </reporter-output>
        </test-method> <!-- postmethod -->
        <test-method status="PASS" signature="postmethod(java.lang.String, java.lang.String, java.lang.String)[pri:0, instance:com.datadriven.Datadriven_Pojo@475530b9]" name="postmethod" duration-ms="1865" started-at="2020-07-29T16:50:22Z" data-provider="Dataforpost" finished-at="2020-07-29T16:50:24Z">
          <params>
            <param index="0">
              <value>
                <![CDATA[title]]>
              </value>
            </param>
            <param index="1">
              <value>
                <![CDATA[candy]]>
              </value>
            </param>
            <param index="2">
              <value>
                <![CDATA[auth]]>
              </value>
            </param>
          </params>
          <reporter-output>
          </reporter-output>
        </test-method> <!-- postmethod -->
        <test-method status="PASS" signature="postmethod(java.lang.String, java.lang.String, java.lang.String)[pri:0, instance:com.datadriven.Datadriven_Pojo@475530b9]" name="postmethod" duration-ms="1956" started-at="2020-07-29T16:50:24Z" data-provider="Dataforpost" finished-at="2020-07-29T16:50:26Z">
          <params>
            <param index="0">
              <value>
                <![CDATA[body]]>
              </value>
            </param>
            <param index="1">
              <value>
                <![CDATA[taffy]]>
              </value>
            </param>
            <param index="2">
              <value>
                <![CDATA[auth2]]>
              </value>
            </param>
          </params>
          <reporter-output>
          </reporter-output>
        </test-method> <!-- postmethod -->
        <test-method status="PASS" signature="postmethod(java.lang.String, java.lang.String, java.lang.String)[pri:0, instance:com.datadriven.Datadriven_Pojo@475530b9]" name="postmethod" duration-ms="1634" started-at="2020-07-29T16:50:26Z" data-provider="Dataforpost" finished-at="2020-07-29T16:50:28Z">
          <params>
            <param index="0">
              <value>
                <![CDATA[author]]>
              </value>
            </param>
            <param index="1">
              <value>
                <![CDATA[c]]>
              </value>
            </param>
            <param index="2">
              <value>
                <![CDATA[auth3]]>
              </value>
            </param>
          </params>
          <reporter-output>
          </reporter-output>
        </test-method> <!-- postmethod -->
        <test-method status="PASS" signature="postmethod(java.lang.String, java.lang.String, java.lang.String)[pri:0, instance:com.datadriven.Datadriven_Pojo@475530b9]" name="postmethod" duration-ms="1796" started-at="2020-07-29T16:50:28Z" data-provider="Dataforpost" finished-at="2020-07-29T16:50:29Z">
          <params>
            <param index="0">
              <value>
                <![CDATA[title]]>
              </value>
            </param>
            <param index="1">
              <value>
                <![CDATA[b]]>
              </value>
            </param>
            <param index="2">
              <value>
                <![CDATA[auth4]]>
              </value>
            </param>
          </params>
          <reporter-output>
          </reporter-output>
        </test-method> <!-- postmethod -->
      </class> <!-- com.datadriven.Datadriven_Pojo -->
    </test> <!-- Default test -->
  </suite> <!-- Default suite -->
</testng-results>
