<?xml version="1.0" encoding="UTF-8"?>
<!-- Generated by org.testng.reporters.JUnitXMLReporter -->
<testsuite hostname="LAPTOP-U5EUFPC3" ignored="0" name="Default test" tests="5" failures="0" timestamp="29 Jul 2020 16:50:30 GMT" time="13.968" errors="0">
  <testcase name="postmethod" time="6.635" classname="com.datadriven.Datadriven_Pojo"/>
  <testcase name="postmethod" time="1.865" classname="com.datadriven.Datadriven_Pojo"/>
  <testcase name="postmethod" time="1.956" classname="com.datadriven.Datadriven_Pojo"/>
  <testcase name="postmethod" time="1.634" classname="com.datadriven.Datadriven_Pojo"/>
  <testcase name="postmethod" time="1.796" classname="com.datadriven.Datadriven_Pojo"/>
</testsuite> <!-- Default test -->
